<?xml version="1.0" encoding="UTF-8"?>
<!-- Generated by org.testng.reporters.JUnitReportReporter -->
<testsuite hostname="TYSS-Pavan" failures="0" tests="1" name="testNG1.Sample1" time="3.859" errors="0" timestamp="2022-10-21T12:58:39 IST" skipped="0">
  <testcase classname="testNG1.Sample1" name="test3" time="3.859"/>
  <system-out/>
</testsuite> <!-- testNG1.Sample1 -->
