<?xml version="1.0" encoding="UTF-8"?>
<!-- Generated by org.testng.reporters.JUnitReportReporter -->
<testsuite hostname="Sandy" failures="0" tests="2" name="testNG1.Sample1" time="0.019" errors="0" timestamp="2022-10-11T13:32:03 IST" skipped="0">
  <testcase classname="testNG1.Sample1" name="A" time="0.012"/>
  <system-out/>
  <testcase classname="testNG1.Sample1" name="a" time="0.007"/>
  <system-out/>
</testsuite> <!-- testNG1.Sample1 -->
