<?xml version="1.0" encoding="UTF-8"?>
<!-- Generated by org.testng.reporters.JUnitReportReporter -->
<testsuite hostname="TYSS-Pavan" failures="0" tests="2" name="testNG.pac.Demo" time="0.011" errors="0" timestamp="2022-10-14T11:36:08 IST" skipped="0">
  <testcase classname="testNG.pac.Demo" name="test2" time="0.001"/>
  <system-out/>
  <testcase classname="testNG.pac.Demo" name="test4" time="0.010"/>
  <system-out/>
</testsuite> <!-- testNG.pac.Demo -->
