<?xml version="1.0" encoding="UTF-8"?>
<!-- Generated by org.testng.reporters.JUnitReportReporter -->
<testsuite hostname="Sandy" failures="0" tests="4" name="testNG1.ExcelDataProvider" time="0.022" errors="0" timestamp="2022-10-14T14:41:55 IST" skipped="0">
  <testcase classname="testNG1.ExcelDataProvider" name="getCre" time="0.003"/>
  <system-out/>
  <testcase classname="testNG1.ExcelDataProvider" name="getCre" time="0.002"/>
  <system-out/>
  <testcase classname="testNG1.ExcelDataProvider" name="getCre" time="0.004"/>
  <system-out/>
  <testcase classname="testNG1.ExcelDataProvider" name="getCre" time="0.013"/>
  <system-out/>
</testsuite> <!-- testNG1.ExcelDataProvider -->
