<?xml version="1.0" encoding="UTF-8"?>
<!-- Generated by org.testng.reporters.JUnitReportReporter -->
<testsuite hostname="TYSS-Pavan" failures="0" tests="2" name="testNG.pac.Sample" time="0.009" errors="0" timestamp="2022-10-11T13:11:01 IST" skipped="0">
  <testcase classname="testNG.pac.Sample" name="a" time="0.004"/>
  <system-out/>
  <testcase classname="testNG.pac.Sample" name="A" time="0.005"/>
  <system-out/>
</testsuite> <!-- testNG.pac.Sample -->
