<?xml version="1.0" encoding="UTF-8"?>
<!-- Generated by org.testng.reporters.JUnitReportReporter -->
<testsuite hostname="TYSS-Pavan" failures="0" tests="4" name="testNG.pac.Excel_dataProvider" time="0.009" errors="0" timestamp="2022-10-14T12:23:07 IST" skipped="0">
  <testcase classname="testNG.pac.Excel_dataProvider" name="getCred" time="0.007"/>
  <system-out/>
  <testcase classname="testNG.pac.Excel_dataProvider" name="getCred" time="0.000"/>
  <system-out/>
  <testcase classname="testNG.pac.Excel_dataProvider" name="getCred" time="0.001"/>
  <system-out/>
  <testcase classname="testNG.pac.Excel_dataProvider" name="getCred" time="0.001"/>
  <system-out/>
</testsuite> <!-- testNG.pac.Excel_dataProvider -->
