<?xml version="1.0" encoding="UTF-8"?>
<!-- Generated by org.testng.reporters.JUnitReportReporter -->
<testsuite hostname="TYSS-Pavan" failures="0" tests="1" name="com.crm.VTiger.TestCases_Final.CreateContactWithOrgNameTest" time="45.546" errors="0" timestamp="2022-11-01T16:19:26 IST" skipped="0">
  <testcase classname="com.crm.VTiger.TestCases_Final.CreateContactWithOrgNameTest" name="createContactWithOrg" time="45.546"/>
  <system-out/>
</testsuite> <!-- com.crm.VTiger.TestCases_Final.CreateContactWithOrgNameTest -->
