<?xml version="1.0" encoding="UTF-8"?>
<!-- Generated by org.testng.reporters.JUnitReportReporter -->
<testsuite hostname="Sandy" failures="0" tests="4" name="testNG.pac.Excel_dataProvider" time="0.015" errors="0" timestamp="2022-10-14T12:33:21 IST" skipped="0">
  <testcase classname="testNG.pac.Excel_dataProvider" name="getCred" time="0.002"/>
  <system-out/>
  <testcase classname="testNG.pac.Excel_dataProvider" name="getCred" time="0.003"/>
  <system-out/>
  <testcase classname="testNG.pac.Excel_dataProvider" name="getCred" time="0.009"/>
  <system-out/>
  <testcase classname="testNG.pac.Excel_dataProvider" name="getCred" time="0.001"/>
  <system-out/>
</testsuite> <!-- testNG.pac.Excel_dataProvider -->
