<?xml version="1.0" encoding="UTF-8"?>
<!-- Generated by org.testng.reporters.JUnitReportReporter -->
<testsuite hostname="TYSS-Pavan" failures="0" tests="1" name="testNG.pac.PassPara" time="11.748" errors="0" timestamp="2022-10-14T16:27:18 IST" skipped="0">
  <testcase classname="testNG.pac.PassPara" name="launchbrowser" time="11.748"/>
  <system-out/>
</testsuite> <!-- testNG.pac.PassPara -->
