<?xml version="1.0" encoding="UTF-8"?>
<!-- Generated by org.testng.reporters.JUnitReportReporter -->
<testsuite hostname="Sandy" failures="0" tests="3" name="testNG1.DataProvideTest" time="0.011" errors="0" timestamp="2022-10-14T12:00:11 IST" skipped="0">
  <testcase classname="testNG1.DataProvideTest" name="bookingTickets" time="0.009"/>
  <system-out/>
  <testcase classname="testNG1.DataProvideTest" name="bookingTickets" time="0.002"/>
  <system-out/>
  <testcase classname="testNG1.DataProvideTest" name="bookingTickets" time="0.000"/>
  <system-out/>
</testsuite> <!-- testNG1.DataProvideTest -->
