<?xml version="1.0" encoding="UTF-8"?>
<!-- Generated by org.testng.reporters.JUnitReportReporter -->
<testsuite hostname="TYSS-Pavan" failures="0" tests="1" name="testNG1.Demo1" time="0.014" errors="0" timestamp="2022-10-21T12:50:22 IST" skipped="0">
  <testcase classname="testNG1.Demo1" name="test2" time="0.014"/>
  <system-out/>
</testsuite> <!-- testNG1.Demo1 -->
