<?xml version="1.0" encoding="UTF-8"?>
<!-- Generated by org.testng.reporters.JUnitReportReporter -->
<testsuite hostname="TYSS-Pavan" failures="0" tests="1" name="testNG.pac.Report_Extent" time="9.820" errors="0" timestamp="2022-11-01T15:35:14 IST" skipped="0">
  <testcase classname="testNG.pac.Report_Extent" name="createReport" time="9.820"/>
  <system-out/>
</testsuite> <!-- testNG.pac.Report_Extent -->
