<?xml version="1.0" encoding="UTF-8"?>
<!-- Generated by org.testng.reporters.JUnitReportReporter -->
<testsuite hostname="Sandy" failures="0" tests="2" name="testNG1.Demo1" time="0.016" errors="0" timestamp="2022-10-11T13:28:30 IST" skipped="0">
  <testcase classname="testNG1.Demo1" name="test1" time="0.013"/>
  <system-out/>
  <testcase classname="testNG1.Demo1" name="test2" time="0.003"/>
  <system-out/>
</testsuite> <!-- testNG1.Demo1 -->
