<?xml version="1.0" encoding="UTF-8"?>
<!-- Generated by org.testng.reporters.JUnitReportReporter -->
<testsuite hostname="TYSS-Pavan" failures="0" tests="3" name="testNG.pac.DataProvider_Test" time="0.009" errors="0" timestamp="2022-10-14T11:49:43 IST" skipped="0">
  <testcase classname="testNG.pac.DataProvider_Test" name="bookTicket" time="0.001"/>
  <system-out/>
  <testcase classname="testNG.pac.DataProvider_Test" name="bookTicket" time="0.006"/>
  <system-out/>
  <testcase classname="testNG.pac.DataProvider_Test" name="bookTicket" time="0.002"/>
  <system-out/>
</testsuite> <!-- testNG.pac.DataProvider_Test -->
