<?xml version="1.0" encoding="UTF-8"?>
<!-- Generated by org.testng.reporters.JUnitReportReporter -->
<testsuite hostname="TYSS-Pavan" failures="0" tests="3" name="testNG.pac.Sample" time="0.026" errors="0" timestamp="2022-10-14T16:16:28 IST" skipped="0">
  <testcase classname="testNG.pac.Sample" name="createOrg" time="0.004"/>
  <system-out/>
  <testcase classname="testNG.pac.Sample" name="allconditions" time="0.018"/>
  <system-out/>
  <testcase classname="testNG.pac.Sample" name="createaccount" time="0.004"/>
  <system-out/>
</testsuite> <!-- testNG.pac.Sample -->
