<?xml version="1.0" encoding="UTF-8"?>
<!-- Generated by org.testng.reporters.JUnitReportReporter -->
<testsuite hostname="TYSS-Pavan" failures="0" tests="1" name="testNG.pac.Demo" time="0.003" errors="0" timestamp="2022-10-14T16:16:28 IST" skipped="0">
  <testcase classname="testNG.pac.Demo" name="test4" time="0.003"/>
  <system-out/>
</testsuite> <!-- testNG.pac.Demo -->
